<?xml version="1.0" encoding="UTF-8"?>
<testng-results ignored="0" total="1" passed="1" failed="0" skipped="0">
  <reporter-output>
  </reporter-output>
  <suite started-at="2022-03-23T14:58:06 IST" name="Default suite" finished-at="2022-03-23T14:58:44 IST" duration-ms="37270">
    <groups>
    </groups>
    <test started-at="2022-03-23T14:58:06 IST" name="Default test" finished-at="2022-03-23T14:58:44 IST" duration-ms="37270">
      <class name="com.crm.vtiger.LoginLogoutTest">
        <test-method signature="loggingToVtigerTest()[pri:0, instance:com.crm.vtiger.LoginLogoutTest@2473d930]" started-at="2022-03-23T14:58:06 IST" name="loggingToVtigerTest" finished-at="2022-03-23T14:58:44 IST" duration-ms="37196" status="PASS">
          <reporter-output>
          </reporter-output>
        </test-method> <!-- loggingToVtigerTest -->
      </class> <!-- com.crm.vtiger.LoginLogoutTest -->
    </test> <!-- Default test -->
  </suite> <!-- Default suite -->
</testng-results>
